<?xml version="1.0" encoding="UTF-8"?>
<!-- Generated by org.testng.reporters.JUnitReportReporter -->
<testsuite hostname="LAPTOP-3D0N5QCR" failures="0" tests="1" name="orangehrm.Testcases.AdminLoginTestwithInvalidData" time="0.516" errors="0" timestamp="29 May 2024 09:45:55 GMT" skipped="0">
  <testcase classname="orangehrm.Testcases.AdminLoginTestwithInvalidData" name="checkAdminLogin" time="0.516"/>
</testsuite> <!-- orangehrm.Testcases.AdminLoginTestwithInvalidData -->
